
> backend@1.0.0 dev
> nodemon server.js

[33m[nodemon] 3.1.10[39m
[33m[nodemon] to restart at any time, enter `rs`[39m
[33m[nodemon] watching path(s): *.*[39m
[33m[nodemon] watching extensions: js,mjs,cjs,json[39m
[32m[nodemon] starting `node server.js`[39m
Starting October 8, 2024, the Node SDK is entering a three-month notice period. We encourage everyone to migrate to @clerk/express. For full details, please see our changelog: https://clerk.com/changelog/2024-10-08-express-sdk
[Deployment]: TEST TEST
(node:38524) [MONGOOSE] Warning: Duplicate schema index on {"subContractDetailId":1} found. This is often due to declaring an index using both "index: true" and "schema.index()". Please remove the duplicate index definition.
(Use `node --trace-warnings ...` to show where the warning was created)
(node:38524) [MONGOOSE] Warning: Duplicate schema index on {"isDeleted":1} found. This is often due to declaring an index using both "index: true" and "schema.index()". Please remove the duplicate index definition.
23:15:55 [[32minfo[39m]: [32mConnected to MongoDB (Native Client)[39m {
  "service": "manageRTC-backend",
  "environment": "development"
}
23:15:55 [[32minfo[39m]: [32mConnected to MongoDB (Mongoose) - Database: AmasQIS[39m {
  "service": "manageRTC-backend",
  "environment": "development"
}
Database connection established successfully
[PromotionScheduler] Started successfully. Will run daily at midnight.
[PromotionScheduler] Automatic startup check disabled to prevent database errors
✅ Promotion scheduler initialized
[ResignationScheduler] Started successfully. Will run daily at midnight.
✅ Resignation scheduler initialized
📡 About to start HTTP server...
📡 Starting server on port 5000...
❌ Server error: Error: listen EADDRINUSE: address already in use :::5000
    at Server.setupListenHandle [as _listen2] (node:net:1940:16)
    at listenInCluster (node:net:1997:12)
    at Server.listen (node:net:2102:7)
    at initializeServer (file:///C:/Users/SUDHAKAR/Documents/GitHub/manageRTC-my/backend/server.js:405:16)
    at process.processTicksAndRejections (node:internal/process/task_queues:105:5) {
  code: 'EADDRINUSE',
  errno: -4091,
  syscall: 'listen',
  address: '::',
  port: 5000
}
❌ Port 5000 is already in use
[31m[nodemon] app crashed - waiting for file changes before starting...[39m
[32m[nodemon] restarting due to changes...[39m
[32m[nodemon] starting `node server.js`[39m
Starting October 8, 2024, the Node SDK is entering a three-month notice period. We encourage everyone to migrate to @clerk/express. For full details, please see our changelog: https://clerk.com/changelog/2024-10-08-express-sdk
[Deployment]: TEST TEST
(node:59360) [MONGOOSE] Warning: Duplicate schema index on {"subContractDetailId":1} found. This is often due to declaring an index using both "index: true" and "schema.index()". Please remove the duplicate index definition.
(Use `node --trace-warnings ...` to show where the warning was created)
(node:59360) [MONGOOSE] Warning: Duplicate schema index on {"isDeleted":1} found. This is often due to declaring an index using both "index: true" and "schema.index()". Please remove the duplicate index definition.
23:29:32 [[32minfo[39m]: [32mConnected to MongoDB (Native Client)[39m {
  "service": "manageRTC-backend",
  "environment": "development"
}
23:29:32 [[32minfo[39m]: [32mConnected to MongoDB (Mongoose) - Database: AmasQIS[39m {
  "service": "manageRTC-backend",
  "environment": "development"
}
Database connection established successfully
[PromotionScheduler] Started successfully. Will run daily at midnight.
[PromotionScheduler] Automatic startup check disabled to prevent database errors
✅ Promotion scheduler initialized
[ResignationScheduler] Started successfully. Will run daily at midnight.
✅ Resignation scheduler initialized
📡 About to start HTTP server...
📡 Starting server on port 5000...
❌ Server error: Error: listen EADDRINUSE: address already in use :::5000
    at Server.setupListenHandle [as _listen2] (node:net:1940:16)
    at listenInCluster (node:net:1997:12)
    at Server.listen (node:net:2102:7)
    at initializeServer (file:///C:/Users/SUDHAKAR/Documents/GitHub/manageRTC-my/backend/server.js:405:16)
    at process.processTicksAndRejections (node:internal/process/task_queues:105:5) {
  code: 'EADDRINUSE',
  errno: -4091,
  syscall: 'listen',
  address: '::',
  port: 5000
}
❌ Port 5000 is already in use
[31m[nodemon] app crashed - waiting for file changes before starting...[39m
[32m[nodemon] restarting due to changes...[39m
[32m[nodemon] starting `node server.js`[39m
Starting October 8, 2024, the Node SDK is entering a three-month notice period. We encourage everyone to migrate to @clerk/express. For full details, please see our changelog: https://clerk.com/changelog/2024-10-08-express-sdk
[Deployment]: TEST TEST
(node:38584) [MONGOOSE] Warning: Duplicate schema index on {"subContractDetailId":1} found. This is often due to declaring an index using both "index: true" and "schema.index()". Please remove the duplicate index definition.
(Use `node --trace-warnings ...` to show where the warning was created)
(node:38584) [MONGOOSE] Warning: Duplicate schema index on {"isDeleted":1} found. This is often due to declaring an index using both "index: true" and "schema.index()". Please remove the duplicate index definition.
23:30:24 [[32minfo[39m]: [32mConnected to MongoDB (Native Client)[39m {
  "service": "manageRTC-backend",
  "environment": "development"
}
23:30:25 [[32minfo[39m]: [32mConnected to MongoDB (Mongoose) - Database: AmasQIS[39m {
  "service": "manageRTC-backend",
  "environment": "development"
}
Database connection established successfully
[PromotionScheduler] Started successfully. Will run daily at midnight.
[PromotionScheduler] Automatic startup check disabled to prevent database errors
✅ Promotion scheduler initialized
[ResignationScheduler] Started successfully. Will run daily at midnight.
✅ Resignation scheduler initialized
📡 About to start HTTP server...
📡 Starting server on port 5000...
❌ Server error: Error: listen EADDRINUSE: address already in use :::5000
    at Server.setupListenHandle [as _listen2] (node:net:1940:16)
    at listenInCluster (node:net:1997:12)
    at Server.listen (node:net:2102:7)
    at initializeServer (file:///C:/Users/SUDHAKAR/Documents/GitHub/manageRTC-my/backend/server.js:405:16)
    at process.processTicksAndRejections (node:internal/process/task_queues:105:5) {
  code: 'EADDRINUSE',
  errno: -4091,
  syscall: 'listen',
  address: '::',
  port: 5000
}
❌ Port 5000 is already in use
[31m[nodemon] app crashed - waiting for file changes before starting...[39m
[32m[nodemon] restarting due to changes...[39m
[32m[nodemon] starting `node server.js`[39m
Starting October 8, 2024, the Node SDK is entering a three-month notice period. We encourage everyone to migrate to @clerk/express. For full details, please see our changelog: https://clerk.com/changelog/2024-10-08-express-sdk
[Deployment]: TEST TEST
(node:15664) [MONGOOSE] Warning: Duplicate schema index on {"subContractDetailId":1} found. This is often due to declaring an index using both "index: true" and "schema.index()". Please remove the duplicate index definition.
(Use `node --trace-warnings ...` to show where the warning was created)
(node:15664) [MONGOOSE] Warning: Duplicate schema index on {"isDeleted":1} found. This is often due to declaring an index using both "index: true" and "schema.index()". Please remove the duplicate index definition.
23:30:46 [[32minfo[39m]: [32mConnected to MongoDB (Native Client)[39m {
  "service": "manageRTC-backend",
  "environment": "development"
}
23:30:47 [[32minfo[39m]: [32mConnected to MongoDB (Mongoose) - Database: AmasQIS[39m {
  "service": "manageRTC-backend",
  "environment": "development"
}
Database connection established successfully
[PromotionScheduler] Started successfully. Will run daily at midnight.
[PromotionScheduler] Automatic startup check disabled to prevent database errors
✅ Promotion scheduler initialized
[ResignationScheduler] Started successfully. Will run daily at midnight.
✅ Resignation scheduler initialized
📡 About to start HTTP server...
📡 Starting server on port 5000...
❌ Server error: Error: listen EADDRINUSE: address already in use :::5000
    at Server.setupListenHandle [as _listen2] (node:net:1940:16)
    at listenInCluster (node:net:1997:12)
    at Server.listen (node:net:2102:7)
    at initializeServer (file:///C:/Users/SUDHAKAR/Documents/GitHub/manageRTC-my/backend/server.js:405:16)
    at process.processTicksAndRejections (node:internal/process/task_queues:105:5) {
  code: 'EADDRINUSE',
  errno: -4091,
  syscall: 'listen',
  address: '::',
  port: 5000
}
❌ Port 5000 is already in use
[31m[nodemon] app crashed - waiting for file changes before starting...[39m
[32m[nodemon] restarting due to changes...[39m
[32m[nodemon] starting `node server.js`[39m
Starting October 8, 2024, the Node SDK is entering a three-month notice period. We encourage everyone to migrate to @clerk/express. For full details, please see our changelog: https://clerk.com/changelog/2024-10-08-express-sdk
[Deployment]: TEST TEST
(node:64996) [MONGOOSE] Warning: Duplicate schema index on {"subContractDetailId":1} found. This is often due to declaring an index using both "index: true" and "schema.index()". Please remove the duplicate index definition.
(Use `node --trace-warnings ...` to show where the warning was created)
(node:64996) [MONGOOSE] Warning: Duplicate schema index on {"isDeleted":1} found. This is often due to declaring an index using both "index: true" and "schema.index()". Please remove the duplicate index definition.
23:31:31 [[32minfo[39m]: [32mConnected to MongoDB (Native Client)[39m {
  "service": "manageRTC-backend",
  "environment": "development"
}
23:31:31 [[32minfo[39m]: [32mConnected to MongoDB (Mongoose) - Database: AmasQIS[39m {
  "service": "manageRTC-backend",
  "environment": "development"
}
Database connection established successfully
[PromotionScheduler] Started successfully. Will run daily at midnight.
[PromotionScheduler] Automatic startup check disabled to prevent database errors
✅ Promotion scheduler initialized
[ResignationScheduler] Started successfully. Will run daily at midnight.
✅ Resignation scheduler initialized
📡 About to start HTTP server...
📡 Starting server on port 5000...
❌ Server error: Error: listen EADDRINUSE: address already in use :::5000
    at Server.setupListenHandle [as _listen2] (node:net:1940:16)
    at listenInCluster (node:net:1997:12)
    at Server.listen (node:net:2102:7)
    at initializeServer (file:///C:/Users/SUDHAKAR/Documents/GitHub/manageRTC-my/backend/server.js:405:16)
    at process.processTicksAndRejections (node:internal/process/task_queues:105:5) {
  code: 'EADDRINUSE',
  errno: -4091,
  syscall: 'listen',
  address: '::',
  port: 5000
}
❌ Port 5000 is already in use
[31m[nodemon] app crashed - waiting for file changes before starting...[39m
